  2014150029_sorting.c
d:\jungjaeho\study\3-2\알고리즘\알고리즘과제\알고리즘과제\2014150029_sorting.c(110): warning C4101: 'i' :참조되지 않은 지역 변수입니다.
d:\jungjaeho\study\3-2\알고리즘\알고리즘과제\알고리즘과제\2014150029_sorting.c(137): warning C4996: 'fopen': This function or variable may be unsafe. Consider using fopen_s instead. To disable deprecation, use _CRT_SECURE_NO_WARNINGS. See online help for details.
  c:\program files (x86)\windows kits\10\include\10.0.17763.0\ucrt\stdio.h(208): note: 'fopen' 선언을 참조하십시오.
d:\jungjaeho\study\3-2\알고리즘\알고리즘과제\알고리즘과제\2014150029_sorting.c(194): warning C4996: 'fopen': This function or variable may be unsafe. Consider using fopen_s instead. To disable deprecation, use _CRT_SECURE_NO_WARNINGS. See online help for details.
  c:\program files (x86)\windows kits\10\include\10.0.17763.0\ucrt\stdio.h(208): note: 'fopen' 선언을 참조하십시오.
d:\jungjaeho\study\3-2\알고리즘\알고리즘과제\알고리즘과제\2014150029_sorting.c(342): warning C4018: '<': signed 또는 unsigned가 일치하지 않습니다.
d:\jungjaeho\study\3-2\알고리즘\알고리즘과제\알고리즘과제\2014150029_sorting.c(325): warning C4996: 'strcpy': This function or variable may be unsafe. Consider using strcpy_s instead. To disable deprecation, use _CRT_SECURE_NO_WARNINGS. See online help for details.
  c:\program files (x86)\windows kits\10\include\10.0.17763.0\ucrt\string.h(133): note: 'strcpy' 선언을 참조하십시오.
d:\jungjaeho\study\3-2\알고리즘\알고리즘과제\알고리즘과제\2014150029_sorting.c(349): warning C4996: 'strcpy': This function or variable may be unsafe. Consider using strcpy_s instead. To disable deprecation, use _CRT_SECURE_NO_WARNINGS. See online help for details.
  c:\program files (x86)\windows kits\10\include\10.0.17763.0\ucrt\string.h(133): note: 'strcpy' 선언을 참조하십시오.
d:\jungjaeho\study\3-2\알고리즘\알고리즘과제\알고리즘과제\2014150029_sorting.c(355): warning C4996: 'strcpy': This function or variable may be unsafe. Consider using strcpy_s instead. To disable deprecation, use _CRT_SECURE_NO_WARNINGS. See online help for details.
  c:\program files (x86)\windows kits\10\include\10.0.17763.0\ucrt\string.h(133): note: 'strcpy' 선언을 참조하십시오.
d:\jungjaeho\study\3-2\알고리즘\알고리즘과제\알고리즘과제\2014150029_sorting.c(415): warning C4013: 'getch'이(가) 정의되지 않았습니다. extern은 int형을 반환하는 것으로 간주합니다.
d:\jungjaeho\study\3-2\알고리즘\알고리즘과제\알고리즘과제\2014150029_sorting.c(426): warning C4244: '=': 'double'에서 'float'(으)로 변환하면서 데이터가 손실될 수 있습니다.
d:\jungjaeho\study\3-2\알고리즘\알고리즘과제\알고리즘과제\2014150029_sorting.c(444): warning C4244: '=': 'double'에서 'float'(으)로 변환하면서 데이터가 손실될 수 있습니다.
d:\jungjaeho\study\3-2\알고리즘\알고리즘과제\알고리즘과제\2014150029_sorting.c(460): warning C4244: '=': 'double'에서 'float'(으)로 변환하면서 데이터가 손실될 수 있습니다.
d:\jungjaeho\study\3-2\알고리즘\알고리즘과제\알고리즘과제\2014150029_sorting.c(475): warning C4020: 'heap_sorting_title': 실제 매개 변수가 너무 많습니다.
d:\jungjaeho\study\3-2\알고리즘\알고리즘과제\알고리즘과제\2014150029_sorting.c(477): warning C4244: '=': 'double'에서 'float'(으)로 변환하면서 데이터가 손실될 수 있습니다.
d:\jungjaeho\study\3-2\알고리즘\알고리즘과제\알고리즘과제\2014150029_sorting.c(494): warning C4244: '=': 'double'에서 'float'(으)로 변환하면서 데이터가 손실될 수 있습니다.
d:\jungjaeho\study\3-2\알고리즘\알고리즘과제\알고리즘과제\2014150029_sorting.c(519): warning C4244: '=': 'double'에서 'float'(으)로 변환하면서 데이터가 손실될 수 있습니다.
d:\jungjaeho\study\3-2\알고리즘\알고리즘과제\알고리즘과제\2014150029_sorting.c(536): warning C4244: '=': 'double'에서 'float'(으)로 변환하면서 데이터가 손실될 수 있습니다.
d:\jungjaeho\study\3-2\알고리즘\알고리즘과제\알고리즘과제\2014150029_sorting.c(553): warning C4244: '=': 'double'에서 'float'(으)로 변환하면서 데이터가 손실될 수 있습니다.
d:\jungjaeho\study\3-2\알고리즘\알고리즘과제\알고리즘과제\2014150029_sorting.c(570): warning C4244: '=': 'double'에서 'float'(으)로 변환하면서 데이터가 손실될 수 있습니다.
d:\jungjaeho\study\3-2\알고리즘\알고리즘과제\알고리즘과제\2014150029_sorting.c(585): warning C4020: 'radix_sorting_year': 실제 매개 변수가 너무 많습니다.
d:\jungjaeho\study\3-2\알고리즘\알고리즘과제\알고리즘과제\2014150029_sorting.c(587): warning C4244: '=': 'double'에서 'float'(으)로 변환하면서 데이터가 손실될 수 있습니다.
d:\jungjaeho\study\3-2\알고리즘\알고리즘과제\알고리즘과제\2014150029_sorting.c(604): warning C4033: 'menual'은(는) 값을 반환해야 합니다.
d:\jungjaeho\study\3-2\알고리즘\알고리즘과제\알고리즘과제\2014150029_sorting.c(607): warning C4033: 'menual'은(는) 값을 반환해야 합니다.
d:\jungjaeho\study\3-2\알고리즘\알고리즘과제\알고리즘과제\2014150029_sorting.c(407): warning C4996: 'scanf': This function or variable may be unsafe. Consider using scanf_s instead. To disable deprecation, use _CRT_SECURE_NO_WARNINGS. See online help for details.
  c:\program files (x86)\windows kits\10\include\10.0.17763.0\ucrt\stdio.h(1274): note: 'scanf' 선언을 참조하십시오.
d:\jungjaeho\study\3-2\알고리즘\알고리즘과제\알고리즘과제\2014150029_sorting.c(429): warning C4996: 'scanf': This function or variable may be unsafe. Consider using scanf_s instead. To disable deprecation, use _CRT_SECURE_NO_WARNINGS. See online help for details.
  c:\program files (x86)\windows kits\10\include\10.0.17763.0\ucrt\stdio.h(1274): note: 'scanf' 선언을 참조하십시오.
d:\jungjaeho\study\3-2\알고리즘\알고리즘과제\알고리즘과제\2014150029_sorting.c(447): warning C4996: 'scanf': This function or variable may be unsafe. Consider using scanf_s instead. To disable deprecation, use _CRT_SECURE_NO_WARNINGS. See online help for details.
  c:\program files (x86)\windows kits\10\include\10.0.17763.0\ucrt\stdio.h(1274): note: 'scanf' 선언을 참조하십시오.
d:\jungjaeho\study\3-2\알고리즘\알고리즘과제\알고리즘과제\2014150029_sorting.c(463): warning C4996: 'scanf': This function or variable may be unsafe. Consider using scanf_s instead. To disable deprecation, use _CRT_SECURE_NO_WARNINGS. See online help for details.
  c:\program files (x86)\windows kits\10\include\10.0.17763.0\ucrt\stdio.h(1274): note: 'scanf' 선언을 참조하십시오.
d:\jungjaeho\study\3-2\알고리즘\알고리즘과제\알고리즘과제\2014150029_sorting.c(480): warning C4996: 'scanf': This function or variable may be unsafe. Consider using scanf_s instead. To disable deprecation, use _CRT_SECURE_NO_WARNINGS. See online help for details.
  c:\program files (x86)\windows kits\10\include\10.0.17763.0\ucrt\stdio.h(1274): note: 'scanf' 선언을 참조하십시오.
d:\jungjaeho\study\3-2\알고리즘\알고리즘과제\알고리즘과제\2014150029_sorting.c(498): warning C4996: 'scanf': This function or variable may be unsafe. Consider using scanf_s instead. To disable deprecation, use _CRT_SECURE_NO_WARNINGS. See online help for details.
  c:\program files (x86)\windows kits\10\include\10.0.17763.0\ucrt\stdio.h(1274): note: 'scanf' 선언을 참조하십시오.
d:\jungjaeho\study\3-2\알고리즘\알고리즘과제\알고리즘과제\2014150029_sorting.c(522): warning C4996: 'scanf': This function or variable may be unsafe. Consider using scanf_s instead. To disable deprecation, use _CRT_SECURE_NO_WARNINGS. See online help for details.
  c:\program files (x86)\windows kits\10\include\10.0.17763.0\ucrt\stdio.h(1274): note: 'scanf' 선언을 참조하십시오.
d:\jungjaeho\study\3-2\알고리즘\알고리즘과제\알고리즘과제\2014150029_sorting.c(539): warning C4996: 'scanf': This function or variable may be unsafe. Consider using scanf_s instead. To disable deprecation, use _CRT_SECURE_NO_WARNINGS. See online help for details.
  c:\program files (x86)\windows kits\10\include\10.0.17763.0\ucrt\stdio.h(1274): note: 'scanf' 선언을 참조하십시오.
d:\jungjaeho\study\3-2\알고리즘\알고리즘과제\알고리즘과제\2014150029_sorting.c(556): warning C4996: 'scanf': This function or variable may be unsafe. Consider using scanf_s instead. To disable deprecation, use _CRT_SECURE_NO_WARNINGS. See online help for details.
  c:\program files (x86)\windows kits\10\include\10.0.17763.0\ucrt\stdio.h(1274): note: 'scanf' 선언을 참조하십시오.
d:\jungjaeho\study\3-2\알고리즘\알고리즘과제\알고리즘과제\2014150029_sorting.c(573): warning C4996: 'scanf': This function or variable may be unsafe. Consider using scanf_s instead. To disable deprecation, use _CRT_SECURE_NO_WARNINGS. See online help for details.
  c:\program files (x86)\windows kits\10\include\10.0.17763.0\ucrt\stdio.h(1274): note: 'scanf' 선언을 참조하십시오.
d:\jungjaeho\study\3-2\알고리즘\알고리즘과제\알고리즘과제\2014150029_sorting.c(590): warning C4996: 'scanf': This function or variable may be unsafe. Consider using scanf_s instead. To disable deprecation, use _CRT_SECURE_NO_WARNINGS. See online help for details.
  c:\program files (x86)\windows kits\10\include\10.0.17763.0\ucrt\stdio.h(1274): note: 'scanf' 선언을 참조하십시오.
d:\jungjaeho\study\3-2\알고리즘\알고리즘과제\알고리즘과제\2014150029_sorting.c(645): warning C4996: 'scanf': This function or variable may be unsafe. Consider using scanf_s instead. To disable deprecation, use _CRT_SECURE_NO_WARNINGS. See online help for details.
  c:\program files (x86)\windows kits\10\include\10.0.17763.0\ucrt\stdio.h(1274): note: 'scanf' 선언을 참조하십시오.
d:\jungjaeho\study\3-2\알고리즘\알고리즘과제\알고리즘과제\2014150029_sorting.c(717): warning C4098: 'quick_year': 'void' 함수에서 값을 반환하고 있습니다.
d:\jungjaeho\study\3-2\알고리즘\알고리즘과제\알고리즘과제\2014150029_sorting.c(837): warning C4029: 선언된 정식 매개 변수 목록이 정의와 다릅니다.
d:\jungjaeho\study\3-2\알고리즘\알고리즘과제\알고리즘과제\2014150029_sorting.c(987): warning C4996: 'strcpy': This function or variable may be unsafe. Consider using strcpy_s instead. To disable deprecation, use _CRT_SECURE_NO_WARNINGS. See online help for details.
  c:\program files (x86)\windows kits\10\include\10.0.17763.0\ucrt\string.h(133): note: 'strcpy' 선언을 참조하십시오.
d:\jungjaeho\study\3-2\알고리즘\알고리즘과제\알고리즘과제\2014150029_sorting.c(1008): warning C4029: 선언된 정식 매개 변수 목록이 정의와 다릅니다.
d:\jungjaeho\study\3-2\알고리즘\알고리즘과제\알고리즘과제\2014150029_sorting.c(1091): warning C4018: '>': signed 또는 unsigned가 일치하지 않습니다.
d:\jungjaeho\study\3-2\알고리즘\알고리즘과제\알고리즘과제\2014150029_sorting.c(1113): warning C4018: '<': signed 또는 unsigned가 일치하지 않습니다.
d:\jungjaeho\study\3-2\알고리즘\알고리즘과제\알고리즘과제\2014150029_sorting.c(1124): warning C4018: '<': signed 또는 unsigned가 일치하지 않습니다.
d:\jungjaeho\study\3-2\알고리즘\알고리즘과제\알고리즘과제\2014150029_sorting.c(614): warning C4716: 'menual': 값을 반환해야 합니다.
  알고리즘과제.vcxproj -> D:\JungJaeho\STUDY\3-2\알고리즘\알고리즘과제\Debug\알고리즘과제.exe
